<?xml version="1.0" encoding="UTF-8"?>
<coverage generated="1500622869877" clover="3.2.0">
  <project timestamp="1500622869878" name="All files">
    <metrics statements="5" coveredstatements="2" conditionals="0" coveredconditionals="0" methods="4" coveredmethods="1" elements="9" coveredelements="3" complexity="0" loc="5" ncloc="5" packages="2" files="2" classes="2">
      <package name="components">
        <metrics statements="1" coveredstatements="0" conditionals="0" coveredconditionals="0" methods="1" coveredmethods="0"/>
        <file name="StyledText.js" path="/Users/dongs/Documents/Projects/kumoh-info/components/StyledText.js">
          <metrics statements="1" coveredstatements="0" conditionals="0" coveredconditionals="0" methods="1" coveredmethods="0"/>
          <line num="6" count="0" type="stmt"/>
        </file>
      </package>
      <package name="screens">
        <metrics statements="4" coveredstatements="2" conditionals="0" coveredconditionals="0" methods="3" coveredmethods="1"/>
        <file name="HomeScreen.js" path="/Users/dongs/Documents/Projects/kumoh-info/screens/HomeScreen.js">
          <metrics statements="4" coveredstatements="2" conditionals="0" coveredconditionals="0" methods="3" coveredmethods="1"/>
          <line num="15" count="1" type="stmt"/>
          <line num="104" count="0" type="stmt"/>
          <line num="110" count="0" type="stmt"/>
          <line num="115" count="1" type="stmt"/>
        </file>
      </package>
    </metrics>
  </project>
</coverage>
