{"/Users/dongs/Documents/Projects/kumoh-info/components/StyledText.js": {"path":"/Users/dongs/Documents/Projects/kumoh-info/components/StyledText.js","statementMap":{"0":{"start":{"line":6,"column":4},"end":{"line":11,"column":6}}},"fnMap":{"0":{"name":"(anonymous_0)","decl":{"start":{"line":5,"column":2},"end":{"line":5,"column":3}},"loc":{"start":{"line":5,"column":11},"end":{"line":12,"column":3}},"line":5}},"branchMap":{},"s":{"0":0},"f":{"0":0},"b":{},"_coverageSchema":"332fd63041d2c1bcb487cc26dd0d5f7d97098a6c","hash":"88223764fa1d099ecb6a501d88788d0d9fd3fa60"}
,"/Users/dongs/Documents/Projects/kumoh-info/screens/HomeScreen.js": {"path":"/Users/dongs/Documents/Projects/kumoh-info/screens/HomeScreen.js","statementMap":{"0":{"start":{"line":15,"column":15},"end":{"line":95,"column":2}},"1":{"start":{"line":104,"column":4},"end":{"line":106,"column":6}},"2":{"start":{"line":110,"column":4},"end":{"line":112,"column":6}},"3":{"start":{"line":115,"column":4},"end":{"line":136,"column":6}}},"fnMap":{"0":{"name":"(anonymous_0)","decl":{"start":{"line":103,"column":26},"end":{"line":103,"column":27}},"loc":{"start":{"line":103,"column":32},"end":{"line":107,"column":3}},"line":103},"1":{"name":"(anonymous_1)","decl":{"start":{"line":109,"column":21},"end":{"line":109,"column":22}},"loc":{"start":{"line":109,"column":27},"end":{"line":113,"column":3}},"line":109},"2":{"name":"(anonymous_2)","decl":{"start":{"line":114,"column":2},"end":{"line":114,"column":3}},"loc":{"start":{"line":114,"column":11},"end":{"line":137,"column":3}},"line":114}},"branchMap":{},"s":{"0":1,"1":0,"2":0,"3":1},"f":{"0":0,"1":0,"2":1},"b":{},"_coverageSchema":"332fd63041d2c1bcb487cc26dd0d5f7d97098a6c","hash":"16e28d2fca1d5076999a2e84ccb94bbb622b1f93"}
}
